Determining if the pthread_create exist failed with the following output:
Change Dir: /homes/c/chaud482/workspace/ece1718_milestone2/src/build/CMakeFiles/CMakeTmp

Run Build Command:"/usr/bin/make" "cmTC_24071/fast"
/usr/bin/make -f CMakeFiles/cmTC_24071.dir/build.make CMakeFiles/cmTC_24071.dir/build
make[1]: Entering directory '/nfs/ug/homes-2/c/chaud482/workspace/ece1718_milestone2/src/build/CMakeFiles/CMakeTmp'
Building C object CMakeFiles/cmTC_24071.dir/CheckSymbolExists.c.o
/usr/bin/cc     -o CMakeFiles/cmTC_24071.dir/CheckSymbolExists.c.o   -c /homes/c/chaud482/workspace/ece1718_milestone2/src/build/CMakeFiles/CMakeTmp/CheckSymbolExists.c
Linking C executable cmTC_24071
/usr/bin/cmake -E cmake_link_script CMakeFiles/cmTC_24071.dir/link.txt --verbose=1
/usr/bin/cc       CMakeFiles/cmTC_24071.dir/CheckSymbolExists.c.o  -o cmTC_24071 -rdynamic 
CMakeFiles/cmTC_24071.dir/CheckSymbolExists.c.o: In function `main':
CheckSymbolExists.c:(.text+0x1b): undefined reference to `pthread_create'
collect2: error: ld returned 1 exit status
CMakeFiles/cmTC_24071.dir/build.make:97: recipe for target 'cmTC_24071' failed
make[1]: *** [cmTC_24071] Error 1
make[1]: Leaving directory '/nfs/ug/homes-2/c/chaud482/workspace/ece1718_milestone2/src/build/CMakeFiles/CMakeTmp'
Makefile:126: recipe for target 'cmTC_24071/fast' failed
make: *** [cmTC_24071/fast] Error 2

File /homes/c/chaud482/workspace/ece1718_milestone2/src/build/CMakeFiles/CMakeTmp/CheckSymbolExists.c:
/* */
#include <pthread.h>

int main(int argc, char** argv)
{
  (void)argv;
#ifndef pthread_create
  return ((int*)(&pthread_create))[argc];
#else
  (void)argc;
  return 0;
#endif
}

Determining if the function pthread_create exists in the pthreads failed with the following output:
Change Dir: /homes/c/chaud482/workspace/ece1718_milestone2/src/build/CMakeFiles/CMakeTmp

Run Build Command:"/usr/bin/make" "cmTC_79d55/fast"
/usr/bin/make -f CMakeFiles/cmTC_79d55.dir/build.make CMakeFiles/cmTC_79d55.dir/build
make[1]: Entering directory '/nfs/ug/homes-2/c/chaud482/workspace/ece1718_milestone2/src/build/CMakeFiles/CMakeTmp'
Building C object CMakeFiles/cmTC_79d55.dir/CheckFunctionExists.c.o
/usr/bin/cc    -DCHECK_FUNCTION_EXISTS=pthread_create   -o CMakeFiles/cmTC_79d55.dir/CheckFunctionExists.c.o   -c /usr/share/cmake-3.7/Modules/CheckFunctionExists.c
Linking C executable cmTC_79d55
/usr/bin/cmake -E cmake_link_script CMakeFiles/cmTC_79d55.dir/link.txt --verbose=1
/usr/bin/cc   -DCHECK_FUNCTION_EXISTS=pthread_create    CMakeFiles/cmTC_79d55.dir/CheckFunctionExists.c.o  -o cmTC_79d55 -rdynamic -lpthreads 
/usr/bin/ld: cannot find -lpthreads
collect2: error: ld returned 1 exit status
CMakeFiles/cmTC_79d55.dir/build.make:97: recipe for target 'cmTC_79d55' failed
make[1]: *** [cmTC_79d55] Error 1
make[1]: Leaving directory '/nfs/ug/homes-2/c/chaud482/workspace/ece1718_milestone2/src/build/CMakeFiles/CMakeTmp'
Makefile:126: recipe for target 'cmTC_79d55/fast' failed
make: *** [cmTC_79d55/fast] Error 2


