Determining if the pthread_create exist failed with the following output:
Change Dir: /homes/c/chaud482/workspace/design2_piped/src/build/CMakeFiles/CMakeTmp

Run Build Command:"/usr/bin/make" "cmTC_eea7e/fast"
/usr/bin/make -f CMakeFiles/cmTC_eea7e.dir/build.make CMakeFiles/cmTC_eea7e.dir/build
make[1]: Entering directory '/nfs/ug/homes-2/c/chaud482/workspace/design2_piped/src/build/CMakeFiles/CMakeTmp'
Building C object CMakeFiles/cmTC_eea7e.dir/CheckSymbolExists.c.o
/usr/bin/cc     -o CMakeFiles/cmTC_eea7e.dir/CheckSymbolExists.c.o   -c /homes/c/chaud482/workspace/design2_piped/src/build/CMakeFiles/CMakeTmp/CheckSymbolExists.c
Linking C executable cmTC_eea7e
/usr/bin/cmake -E cmake_link_script CMakeFiles/cmTC_eea7e.dir/link.txt --verbose=1
/usr/bin/cc       CMakeFiles/cmTC_eea7e.dir/CheckSymbolExists.c.o  -o cmTC_eea7e -rdynamic 
CMakeFiles/cmTC_eea7e.dir/CheckSymbolExists.c.o: In function `main':
CheckSymbolExists.c:(.text+0x1b): undefined reference to `pthread_create'
collect2: error: ld returned 1 exit status
CMakeFiles/cmTC_eea7e.dir/build.make:97: recipe for target 'cmTC_eea7e' failed
make[1]: *** [cmTC_eea7e] Error 1
make[1]: Leaving directory '/nfs/ug/homes-2/c/chaud482/workspace/design2_piped/src/build/CMakeFiles/CMakeTmp'
Makefile:126: recipe for target 'cmTC_eea7e/fast' failed
make: *** [cmTC_eea7e/fast] Error 2

File /homes/c/chaud482/workspace/design2_piped/src/build/CMakeFiles/CMakeTmp/CheckSymbolExists.c:
/* */
#include <pthread.h>

int main(int argc, char** argv)
{
  (void)argv;
#ifndef pthread_create
  return ((int*)(&pthread_create))[argc];
#else
  (void)argc;
  return 0;
#endif
}

Determining if the function pthread_create exists in the pthreads failed with the following output:
Change Dir: /homes/c/chaud482/workspace/design2_piped/src/build/CMakeFiles/CMakeTmp

Run Build Command:"/usr/bin/make" "cmTC_7eab9/fast"
/usr/bin/make -f CMakeFiles/cmTC_7eab9.dir/build.make CMakeFiles/cmTC_7eab9.dir/build
make[1]: Entering directory '/nfs/ug/homes-2/c/chaud482/workspace/design2_piped/src/build/CMakeFiles/CMakeTmp'
Building C object CMakeFiles/cmTC_7eab9.dir/CheckFunctionExists.c.o
/usr/bin/cc    -DCHECK_FUNCTION_EXISTS=pthread_create   -o CMakeFiles/cmTC_7eab9.dir/CheckFunctionExists.c.o   -c /usr/share/cmake-3.7/Modules/CheckFunctionExists.c
Linking C executable cmTC_7eab9
/usr/bin/cmake -E cmake_link_script CMakeFiles/cmTC_7eab9.dir/link.txt --verbose=1
/usr/bin/cc   -DCHECK_FUNCTION_EXISTS=pthread_create    CMakeFiles/cmTC_7eab9.dir/CheckFunctionExists.c.o  -o cmTC_7eab9 -rdynamic -lpthreads 
/usr/bin/ld: cannot find -lpthreads
collect2: error: ld returned 1 exit status
CMakeFiles/cmTC_7eab9.dir/build.make:97: recipe for target 'cmTC_7eab9' failed
make[1]: *** [cmTC_7eab9] Error 1
make[1]: Leaving directory '/nfs/ug/homes-2/c/chaud482/workspace/design2_piped/src/build/CMakeFiles/CMakeTmp'
Makefile:126: recipe for target 'cmTC_7eab9/fast' failed
make: *** [cmTC_7eab9/fast] Error 2


