Determining if the pthread_create exist failed with the following output:
Change Dir: /homes/c/chaud482/workspace/ece1718_milestone3/src/build/CMakeFiles/CMakeTmp

Run Build Command:"/usr/bin/make" "cmTC_62913/fast"
/usr/bin/make -f CMakeFiles/cmTC_62913.dir/build.make CMakeFiles/cmTC_62913.dir/build
make[1]: Entering directory '/nfs/ug/homes-2/c/chaud482/workspace/ece1718_milestone3/src/build/CMakeFiles/CMakeTmp'
Building C object CMakeFiles/cmTC_62913.dir/CheckSymbolExists.c.o
/usr/bin/cc     -o CMakeFiles/cmTC_62913.dir/CheckSymbolExists.c.o   -c /homes/c/chaud482/workspace/ece1718_milestone3/src/build/CMakeFiles/CMakeTmp/CheckSymbolExists.c
Linking C executable cmTC_62913
/usr/bin/cmake -E cmake_link_script CMakeFiles/cmTC_62913.dir/link.txt --verbose=1
/usr/bin/cc       CMakeFiles/cmTC_62913.dir/CheckSymbolExists.c.o  -o cmTC_62913 -rdynamic 
CMakeFiles/cmTC_62913.dir/CheckSymbolExists.c.o: In function `main':
CheckSymbolExists.c:(.text+0x1b): undefined reference to `pthread_create'
collect2: error: ld returned 1 exit status
CMakeFiles/cmTC_62913.dir/build.make:97: recipe for target 'cmTC_62913' failed
make[1]: *** [cmTC_62913] Error 1
make[1]: Leaving directory '/nfs/ug/homes-2/c/chaud482/workspace/ece1718_milestone3/src/build/CMakeFiles/CMakeTmp'
Makefile:126: recipe for target 'cmTC_62913/fast' failed
make: *** [cmTC_62913/fast] Error 2

File /homes/c/chaud482/workspace/ece1718_milestone3/src/build/CMakeFiles/CMakeTmp/CheckSymbolExists.c:
/* */
#include <pthread.h>

int main(int argc, char** argv)
{
  (void)argv;
#ifndef pthread_create
  return ((int*)(&pthread_create))[argc];
#else
  (void)argc;
  return 0;
#endif
}

Determining if the function pthread_create exists in the pthreads failed with the following output:
Change Dir: /homes/c/chaud482/workspace/ece1718_milestone3/src/build/CMakeFiles/CMakeTmp

Run Build Command:"/usr/bin/make" "cmTC_bbb65/fast"
/usr/bin/make -f CMakeFiles/cmTC_bbb65.dir/build.make CMakeFiles/cmTC_bbb65.dir/build
make[1]: Entering directory '/nfs/ug/homes-2/c/chaud482/workspace/ece1718_milestone3/src/build/CMakeFiles/CMakeTmp'
Building C object CMakeFiles/cmTC_bbb65.dir/CheckFunctionExists.c.o
/usr/bin/cc    -DCHECK_FUNCTION_EXISTS=pthread_create   -o CMakeFiles/cmTC_bbb65.dir/CheckFunctionExists.c.o   -c /usr/share/cmake-3.7/Modules/CheckFunctionExists.c
Linking C executable cmTC_bbb65
/usr/bin/cmake -E cmake_link_script CMakeFiles/cmTC_bbb65.dir/link.txt --verbose=1
/usr/bin/cc   -DCHECK_FUNCTION_EXISTS=pthread_create    CMakeFiles/cmTC_bbb65.dir/CheckFunctionExists.c.o  -o cmTC_bbb65 -rdynamic -lpthreads 
/usr/bin/ld: cannot find -lpthreads
collect2: error: ld returned 1 exit status
CMakeFiles/cmTC_bbb65.dir/build.make:97: recipe for target 'cmTC_bbb65' failed
make[1]: *** [cmTC_bbb65] Error 1
make[1]: Leaving directory '/nfs/ug/homes-2/c/chaud482/workspace/ece1718_milestone3/src/build/CMakeFiles/CMakeTmp'
Makefile:126: recipe for target 'cmTC_bbb65/fast' failed
make: *** [cmTC_bbb65/fast] Error 2


